# JRE version: Java(TM) SE Runtime Environment 18.9 (11.0.12+8) (build 11.0.12+8-LTS-237)
# Java VM: Java HotSpot(TM) 64-Bit Server VM 18.9 (11.0.12+8-LTS-237, mixed mode, tiered, compressed oops, g1 gc, windows-amd64)
Heap:
 garbage-first heap   total 88064K, used 56224K [0x00000000c2c00000, 0x0000000100000000)
  region size 1024K, 30 young (30720K), 0 survivors (0K)
 Metaspace       used 66006K, capacity 67940K, committed 68224K, reserved 1107968K
  class space    used 8260K, capacity 9023K, committed 9088K, reserved 1048576K
GC Heap History (10 events):
Event: 15.573 GC heap before
{Heap before GC invocations=17 (full 0):
 garbage-first heap   total 88064K, used 49355K [0x00000000c2c00000, 0x0000000100000000)
  region size 1024K, 35 young (35840K), 6 survivors (6144K)
 Metaspace       used 58737K, capacity 60059K, committed 60160K, reserved 1101824K
  class space    used 7281K, capacity 7808K, committed 7808K, reserved 1048576K
}
Event: 15.583 GC heap after
{Heap after GC invocations=18 (full 0):
 garbage-first heap   total 88064K, used 22587K [0x00000000c2c00000, 0x0000000100000000)
  region size 1024K, 4 young (4096K), 4 survivors (4096K)
 Metaspace       used 58737K, capacity 60059K, committed 60160K, reserved 1101824K
  class space    used 7281K, capacity 7808K, committed 7808K, reserved 1048576K
}
Event: 16.949 GC heap before
{Heap before GC invocations=19 (full 0):
 garbage-first heap   total 88064K, used 69691K [0x00000000c2c00000, 0x0000000100000000)
  region size 1024K, 50 young (51200K), 4 survivors (4096K)
 Metaspace       used 61174K, capacity 62782K, committed 62848K, reserved 1103872K
  class space    used 7669K, capacity 8299K, committed 8320K, reserved 1048576K
}
Event: 16.962 GC heap after
{Heap after GC invocations=20 (full 0):
 garbage-first heap   total 88064K, used 26624K [0x00000000c2c00000, 0x0000000100000000)
  region size 1024K, 7 young (7168K), 7 survivors (7168K)
 Metaspace       used 61174K, capacity 62782K, committed 62848K, reserved 1103872K
  class space    used 7669K, capacity 8299K, committed 8320K, reserved 1048576K
}
Event: 17.868 GC heap before
{Heap before GC invocations=20 (full 0):
 garbage-first heap   total 88064K, used 70656K [0x00000000c2c00000, 0x0000000100000000)
  region size 1024K, 50 young (51200K), 7 survivors (7168K)
 Metaspace       used 63684K, capacity 65470K, committed 65536K, reserved 1105920K
  class space    used 7991K, capacity 8672K, committed 8704K, reserved 1048576K
}
Event: 17.895 GC heap after
{Heap after GC invocations=21 (full 0):
 garbage-first heap   total 88064K, used 29696K [0x00000000c2c00000, 0x0000000100000000)
  region size 1024K, 3 young (3072K), 3 survivors (3072K)
 Metaspace       used 63684K, capacity 65470K, committed 65536K, reserved 1105920K
  class space    used 7991K, capacity 8672K, committed 8704K, reserved 1048576K
}
Event: 197.309 GC heap before
{Heap before GC invocations=21 (full 0):
 garbage-first heap   total 88064K, used 70656K [0x00000000c2c00000, 0x0000000100000000)
  region size 1024K, 43 young (44032K), 3 survivors (3072K)
 Metaspace       used 65402K, capacity 67196K, committed 67328K, reserved 1107968K
  class space    used 8202K, capacity 8901K, committed 8960K, reserved 1048576K
}
Event: 197.469 GC heap after
{Heap after GC invocations=22 (full 0):
 garbage-first heap   total 88064K, used 32768K [0x00000000c2c00000, 0x0000000100000000)
  region size 1024K, 6 young (6144K), 6 survivors (6144K)
 Metaspace       used 65402K, capacity 67196K, committed 67328K, reserved 1107968K
  class space    used 8202K, capacity 8901K, committed 8960K, reserved 1048576K
}
Event: 220.003 GC heap before
{Heap before GC invocations=22 (full 0):
 garbage-first heap   total 88064K, used 35840K [0x00000000c2c00000, 0x0000000100000000)
  region size 1024K, 10 young (10240K), 6 survivors (6144K)
 Metaspace       used 65774K, capacity 67640K, committed 67968K, reserved 1107968K
  class space    used 8244K, capacity 8985K, committed 9088K, reserved 1048576K
}
Event: 220.457 GC heap after
{Heap after GC invocations=23 (full 1):
 garbage-first heap   total 88064K, used 26528K [0x00000000c2c00000, 0x0000000100000000)
  region size 1024K, 0 young (0K), 0 survivors (0K)
 Metaspace       used 65755K, capacity 67610K, committed 67968K, reserved 1107968K
  class space    used 8242K, capacity 8980K, committed 9088K, reserved 1048576K
}

